<layout>
    <decoration size="auto" offset="6,6" affinity="top,left" type="legend"/>
</layout>